<?xml version="1.0" encoding="UTF-8"?>
<!-- Generated by org.testng.reporters.JUnitReportReporter -->
<testsuite hostname="Nehas-MacBook-Pro.local" name="com.project.Reporter.AppTest" tests="4" failures="0" timestamp="11 Apr 2017 08:20:53 GMT" time="9.952" errors="0">
  <testcase name="checkValidUserid" time="0.179" classname="com.project.Reporter.AppTest"/>
  <testcase name="checkValidSignup1" time="0.139" classname="com.project.Reporter.AppTest"/>
  <testcase name="checkValidLogin" time="0.223" classname="com.project.Reporter.AppTest"/>
  <testcase name="checkValidSignup" time="9.411" classname="com.project.Reporter.AppTest"/>
</testsuite> <!-- com.project.Reporter.AppTest -->
