<?xml version="1.0" encoding="UTF-8"?>
<!-- Generated by org.testng.reporters.JUnitReportReporter -->
<testsuite hostname="Nehas-MacBook-Pro.local" name="com.project.Reporter.AppTest" tests="5" failures="0" timestamp="5 Apr 2017 10:39:53 GMT" time="7.883" errors="0">
  <testcase name="verifyLogin" time="0.000" classname="com.project.Reporter.AppTest"/>
  <testcase name="checkValidUserid" time="0.219" classname="com.project.Reporter.AppTest"/>
  <testcase name="checkValidLogin" time="0.131" classname="com.project.Reporter.AppTest"/>
  <testcase name="checkValidSignup" time="5.304" classname="com.project.Reporter.AppTest"/>
  <testcase name="checkValidSignup1" time="2.229" classname="com.project.Reporter.AppTest"/>
</testsuite> <!-- com.project.Reporter.AppTest -->
